<?xml version="1.0" encoding="UTF-8"?><testsuite errors="0" failures="3" name="Covertidor de grados Fahrenheit a Celsius" skipped="0" tests="3" time="3.57" timestamp="2022-01-03 05:39:49"><testcase name="Convertir los grados celsius"><failure message="&#10;Expected: a string containing &quot;&lt;FahrenheitToCelsiusResult&gt;0&lt;/FahrenheitToCelsiusResult&gt;\n&quot;&#10;     but: was &quot;&lt;soap:Envelope xmlns:soap=&quot;http://schemas.xmlsoap.org/soap/envelope/&quot; xmlns:xsi=&quot;http://www.w3.org/2001/XMLSchema-instance&quot; xmlns:xsd=&quot;http://www.w3.org/2001/XMLSchema&quot;&gt;&#10;  &lt;soap:Body&gt;&#10;    &lt;CelsiusToFahrenheitResponse xmlns=&quot;https://www.w3schools.com/xml/&quot;&gt;&#10;      &lt;CelsiusToFahrenheitResult&gt;Error&lt;/CelsiusToFahrenheitResult&gt;&#10;    &lt;/CelsiusToFahrenheitResponse&gt;&#10;  &lt;/soap:Body&gt;&#10;&lt;/soap:Envelope&gt;&quot;" type="java.lang.AssertionError">
Expected: a string containing "&lt;FahrenheitToCelsiusResult&gt;0&lt;/FahrenheitToCelsiusResult&gt;\n"
     but: was "&lt;soap:Envelope xmlns:soap="http://schemas.xmlsoap.org/soap/envelope/" xmlns:xsi="http://www.w3.org/2001/XMLSchema-instance" xmlns:xsd="http://www.w3.org/2001/XMLSchema"&gt;
  &lt;soap:Body&gt;
    &lt;CelsiusToFahrenheitResponse xmlns="https://www.w3schools.com/xml/"&gt;
      &lt;CelsiusToFahrenheitResult&gt;Error&lt;/CelsiusToFahrenheitResult&gt;
    &lt;/CelsiusToFahrenheitResponse&gt;
  &lt;/soap:Body&gt;
&lt;/soap:Envelope&gt;"</failure><system-err>
Expected: a string containing "&lt;FahrenheitToCelsiusResult&gt;0&lt;/FahrenheitToCelsiusResult&gt;\n"
     but: was "&lt;soap:Envelope xmlns:soap="http://schemas.xmlsoap.org/soap/envelope/" xmlns:xsi="http://www.w3.org/2001/XMLSchema-instance" xmlns:xsd="http://www.w3.org/2001/XMLSchema"&gt;
  &lt;soap:Body&gt;
    &lt;CelsiusToFahrenheitResponse xmlns="https://www.w3schools.com/xml/"&gt;
      &lt;CelsiusToFahrenheitResult&gt;Error&lt;/CelsiusToFahrenheitResult&gt;
    &lt;/CelsiusToFahrenheitResponse&gt;
  &lt;/soap:Body&gt;
&lt;/soap:Envelope&gt;"&#13;
co.com.sofka.stepdefinitions.services.soap.tempConvert.fahrenheitToCelsius.FahrenheitStepDefinition.elUsuarioDeberiaVerLaRespuestaDe(FahrenheitStepDefinition.java:43)&#13;
✽.el usuario deberia ver la respuesta de 0(file:///D:/Sofka%20U/RetoSerenityBddSOAP/src/test/resources/features/services/soap/tempConvert/FahrenheitToCelsius/FahrenheitToCelsius.feature:9)&#13;
</system-err></testcase><testcase name="Escribir la resta de dos numeros"><failure message="&#10;Expected: a string containing &quot;&lt;FahrenheitToCelsiusResult&gt;0&lt;/FahrenheitToCelsiusResult&gt;\n&quot;&#10;     but: was &quot;&lt;soap:Envelope xmlns:soap=&quot;http://schemas.xmlsoap.org/soap/envelope/&quot; xmlns:xsi=&quot;http://www.w3.org/2001/XMLSchema-instance&quot; xmlns:xsd=&quot;http://www.w3.org/2001/XMLSchema&quot;&gt;&#10;  &lt;soap:Body&gt;&#10;    &lt;CelsiusToFahrenheitResponse xmlns=&quot;https://www.w3schools.com/xml/&quot;&gt;&#10;      &lt;CelsiusToFahrenheitResult&gt;Error&lt;/CelsiusToFahrenheitResult&gt;&#10;    &lt;/CelsiusToFahrenheitResponse&gt;&#10;  &lt;/soap:Body&gt;&#10;&lt;/soap:Envelope&gt;&quot;" type="java.lang.AssertionError">
Expected: a string containing "&lt;FahrenheitToCelsiusResult&gt;0&lt;/FahrenheitToCelsiusResult&gt;\n"
     but: was "&lt;soap:Envelope xmlns:soap="http://schemas.xmlsoap.org/soap/envelope/" xmlns:xsi="http://www.w3.org/2001/XMLSchema-instance" xmlns:xsd="http://www.w3.org/2001/XMLSchema"&gt;
  &lt;soap:Body&gt;
    &lt;CelsiusToFahrenheitResponse xmlns="https://www.w3schools.com/xml/"&gt;
      &lt;CelsiusToFahrenheitResult&gt;Error&lt;/CelsiusToFahrenheitResult&gt;
    &lt;/CelsiusToFahrenheitResponse&gt;
  &lt;/soap:Body&gt;
&lt;/soap:Envelope&gt;"</failure><system-err>
Expected: a string containing "&lt;FahrenheitToCelsiusResult&gt;0&lt;/FahrenheitToCelsiusResult&gt;\n"
     but: was "&lt;soap:Envelope xmlns:soap="http://schemas.xmlsoap.org/soap/envelope/" xmlns:xsi="http://www.w3.org/2001/XMLSchema-instance" xmlns:xsd="http://www.w3.org/2001/XMLSchema"&gt;
  &lt;soap:Body&gt;
    &lt;CelsiusToFahrenheitResponse xmlns="https://www.w3schools.com/xml/"&gt;
      &lt;CelsiusToFahrenheitResult&gt;Error&lt;/CelsiusToFahrenheitResult&gt;
    &lt;/CelsiusToFahrenheitResponse&gt;
  &lt;/soap:Body&gt;
&lt;/soap:Envelope&gt;"&#13;
co.com.sofka.stepdefinitions.services.soap.tempConvert.fahrenheitToCelsius.FahrenheitStepDefinition.elUsuarioDeberiaVerLaRespuesta(FahrenheitStepDefinition.java:71)&#13;
✽.el usuario deberia ver la respuesta "Error"(file:///D:/Sofka%20U/RetoSerenityBddSOAP/src/test/resources/features/services/soap/tempConvert/FahrenheitToCelsius/FahrenheitToCelsius.feature:18)&#13;
</system-err></testcase></testsuite>